<?xml version="1.0" encoding="UTF-8"?>
<testng-results ignored="0" total="1" passed="1" failed="0" skipped="0">
  <reporter-output>
  </reporter-output>
  <suite started-at="2024-08-08T15:37:56 MDT" name="Surefire suite" finished-at="2024-08-08T15:37:56 MDT" duration-ms="51">
    <groups>
    </groups>
    <test started-at="2024-08-08T15:37:56 MDT" name="Surefire test" finished-at="2024-08-08T15:37:56 MDT" duration-ms="51">
      <class name="Testing1">
        <test-method signature="runtest()[pri:0, instance:Testing1@6b419da]" started-at="2024-08-08T15:37:56 MDT" name="runtest" finished-at="2024-08-08T15:37:56 MDT" duration-ms="0" status="PASS">
          <reporter-output>
          </reporter-output>
        </test-method> <!-- runtest -->
      </class> <!-- Testing1 -->
    </test> <!-- Surefire test -->
  </suite> <!-- Surefire suite -->
</testng-results>
